<?xml version="1.0" encoding="UTF-8"?>
<coverage generated="1753956236">
  <project timestamp="1753956236" name="Clover Coverage">
    <package name="BoZielonka\PhpSaxParser">
      <file name="/home/runner/work/php-sax-parser/php-sax-parser/src/Config.php">
        <class name="BoZielonka\PhpSaxParser\Config" namespace="BoZielonka\PhpSaxParser">
          <metrics complexity="1" methods="1" coveredmethods="1" conditionals="0" coveredconditionals="0" statements="1" coveredstatements="1" elements="2" coveredelements="2"/>
        </class>
        <line num="9" type="method" name="__construct" visibility="public" complexity="1" crap="1" count="6"/>
        <line num="12" type="stmt" count="6"/>
        <metrics loc="14" ncloc="14" classes="1" methods="1" coveredmethods="1" conditionals="0" coveredconditionals="0" statements="1" coveredstatements="1" elements="2" coveredelements="2"/>
      </file>
      <file name="/home/runner/work/php-sax-parser/php-sax-parser/src/ConfigParser.php">
        <class name="BoZielonka\PhpSaxParser\ConfigParser" namespace="BoZielonka\PhpSaxParser">
          <metrics complexity="29" methods="6" coveredmethods="0" conditionals="0" coveredconditionals="0" statements="51" coveredstatements="25" elements="57" coveredelements="25"/>
        </class>
        <line num="14" type="method" name="parseYamlFile" visibility="public" complexity="2" crap="2.06" count="6"/>
        <line num="16" type="stmt" count="6"/>
        <line num="17" type="stmt" count="6"/>
        <line num="18" type="stmt" count="0"/>
        <line num="21" type="stmt" count="6"/>
        <line num="24" type="method" name="parseYamlString" visibility="public" complexity="3" crap="4.12" count="6"/>
        <line num="27" type="stmt" count="6"/>
        <line num="29" type="stmt" count="6"/>
        <line num="30" type="stmt" count="0"/>
        <line num="33" type="stmt" count="6"/>
        <line num="34" type="stmt" count="0"/>
        <line num="35" type="stmt" count="0"/>
        <line num="39" type="method" name="parseArrayConfig" visibility="public" complexity="1" crap="2" count="0"/>
        <line num="41" type="stmt" count="0"/>
        <line num="44" type="method" name="validateAndNormalizeConfig" visibility="private" complexity="4" crap="4.13" count="6"/>
        <line num="46" type="stmt" count="6"/>
        <line num="47" type="stmt" count="0"/>
        <line num="50" type="stmt" count="6"/>
        <line num="51" type="stmt" count="6"/>
        <line num="54" type="stmt" count="6"/>
        <line num="57" type="method" name="validateParserConfig" visibility="private" complexity="8" crap="12.10" count="6"/>
        <line num="59" type="stmt" count="6"/>
        <line num="60" type="stmt" count="0"/>
        <line num="64" type="stmt" count="6"/>
        <line num="65" type="stmt" count="0"/>
        <line num="68" type="stmt" count="6"/>
        <line num="69" type="stmt" count="0"/>
        <line num="73" type="stmt" count="6"/>
        <line num="74" type="stmt" count="0"/>
        <line num="78" type="stmt" count="6"/>
        <line num="79" type="stmt" count="6"/>
        <line num="83" type="method" name="validateFieldConfig" visibility="private" complexity="11" crap="42.72" count="6"/>
        <line num="85" type="stmt" count="6"/>
        <line num="87" type="stmt" count="6"/>
        <line num="90" type="stmt" count="6"/>
        <line num="91" type="stmt" count="0"/>
        <line num="92" type="stmt" count="0"/>
        <line num="93" type="stmt" count="0"/>
        <line num="97" type="stmt" count="6"/>
        <line num="98" type="stmt" count="6"/>
        <line num="99" type="stmt" count="6"/>
        <line num="100" type="stmt" count="0"/>
        <line num="101" type="stmt" count="0"/>
        <line num="102" type="stmt" count="0"/>
        <line num="103" type="stmt" count="0"/>
        <line num="108" type="stmt" count="6"/>
        <line num="109" type="stmt" count="0"/>
        <line num="110" type="stmt" count="0"/>
        <line num="111" type="stmt" count="0"/>
        <line num="114" type="stmt" count="6"/>
        <line num="115" type="stmt" count="0"/>
        <line num="116" type="stmt" count="0"/>
        <line num="117" type="stmt" count="0"/>
        <line num="121" type="stmt" count="6"/>
        <line num="122" type="stmt" count="0"/>
        <line num="123" type="stmt" count="0"/>
        <line num="124" type="stmt" count="0"/>
        <metrics loc="128" ncloc="121" classes="1" methods="6" coveredmethods="0" conditionals="0" coveredconditionals="0" statements="51" coveredstatements="25" elements="57" coveredelements="25"/>
      </file>
      <file name="/home/runner/work/php-sax-parser/php-sax-parser/src/ConfigurableParsingStrategy.php">
        <class name="BoZielonka\PhpSaxParser\ConfigurableParsingStrategy" namespace="BoZielonka\PhpSaxParser">
          <metrics complexity="44" methods="17" coveredmethods="13" conditionals="0" coveredconditionals="0" statements="74" coveredstatements="63" elements="91" coveredelements="76"/>
        </class>
        <line num="18" type="method" name="__construct" visibility="public" complexity="1" crap="1" count="7"/>
        <line num="20" type="stmt" count="7"/>
        <line num="21" type="stmt" count="5"/>
        <line num="22" type="stmt" count="5"/>
        <line num="25" type="method" name="shouldStartCollecting" visibility="public" complexity="2" crap="2" count="5"/>
        <line num="27" type="stmt" count="5"/>
        <line num="30" type="method" name="shouldStopCollecting" visibility="public" complexity="1" crap="1" count="3"/>
        <line num="32" type="stmt" count="3"/>
        <line num="35" type="method" name="processElement" visibility="public" complexity="3" crap="3" count="5"/>
        <line num="41" type="stmt" count="5"/>
        <line num="42" type="stmt" count="5"/>
        <line num="44" type="stmt" count="5"/>
        <line num="47" type="stmt" count="4"/>
        <line num="48" type="stmt" count="3"/>
        <line num="51" type="stmt" count="4"/>
        <line num="54" type="method" name="processCharacterData" visibility="public" complexity="4" crap="4" count="5"/>
        <line num="56" type="stmt" count="5"/>
        <line num="57" type="stmt" count="5"/>
        <line num="58" type="stmt" count="3"/>
        <line num="61" type="stmt" count="5"/>
        <line num="62" type="stmt" count="5"/>
        <line num="64" type="stmt" count="5"/>
        <line num="65" type="stmt" count="5"/>
        <line num="69" type="method" name="getCollectedData" visibility="public" complexity="1" crap="1" count="5"/>
        <line num="71" type="stmt" count="5"/>
        <line num="74" type="method" name="reset" visibility="public" complexity="1" crap="2" count="0"/>
        <line num="76" type="stmt" count="0"/>
        <line num="77" type="stmt" count="0"/>
        <line num="78" type="stmt" count="0"/>
        <line num="81" type="method" name="finishCurrentItem" visibility="public" complexity="3" crap="3" count="5"/>
        <line num="83" type="stmt" count="5"/>
        <line num="84" type="stmt" count="5"/>
        <line num="85" type="stmt" count="5"/>
        <line num="87" type="stmt" count="5"/>
        <line num="90" type="method" name="buildFieldConfigs" visibility="private" complexity="2" crap="2" count="5"/>
        <line num="92" type="stmt" count="5"/>
        <line num="93" type="stmt" count="5"/>
        <line num="94" type="stmt" count="5"/>
        <line num="97" type="stmt" count="5"/>
        <line num="100" type="method" name="startNewItem" visibility="private" complexity="4" crap="4" count="5"/>
        <line num="102" type="stmt" count="5"/>
        <line num="103" type="stmt" count="5"/>
        <line num="105" type="stmt" count="5"/>
        <line num="106" type="stmt" count="5"/>
        <line num="107" type="stmt" count="4"/>
        <line num="108" type="stmt" count="4"/>
        <line num="109" type="stmt" count="4"/>
        <line num="115" type="method" name="processAttributeFields" visibility="private" complexity="5" crap="5" count="4"/>
        <line num="117" type="stmt" count="4"/>
        <line num="118" type="stmt" count="4"/>
        <line num="119" type="stmt" count="3"/>
        <line num="120" type="stmt" count="3"/>
        <line num="121" type="stmt" count="3"/>
        <line num="122" type="stmt" count="3"/>
        <line num="123" type="stmt" count="3"/>
        <line num="124" type="stmt" count="3"/>
        <line num="127" type="stmt" count="3"/>
        <line num="132" type="method" name="findMatchingField" visibility="private" complexity="1" crap="1" count="5"/>
        <line num="134" type="stmt" count="5"/>
        <line num="135" type="stmt" count="5"/>
        <line num="136" type="stmt" count="5"/>
        <line num="137" type="stmt" count="5"/>
        <line num="140" type="method" name="processFieldValue" visibility="private" complexity="5" crap="5" count="5"/>
        <line num="142" type="stmt" count="5"/>
        <line num="143" type="stmt" count="5"/>
        <line num="144" type="stmt" count="5"/>
        <line num="145" type="stmt" count="5"/>
        <line num="146" type="stmt" count="5"/>
        <line num="147" type="stmt" count="5"/>
        <line num="150" type="method" name="processArrayField" visibility="private" complexity="2" crap="2" count="1"/>
        <line num="152" type="stmt" count="1"/>
        <line num="153" type="stmt" count="1"/>
        <line num="155" type="stmt" count="1"/>
        <line num="157" type="stmt" count="1"/>
        <line num="160" type="method" name="processObjectField" visibility="private" complexity="2" crap="6" count="0"/>
        <line num="162" type="stmt" count="0"/>
        <line num="163" type="stmt" count="0"/>
        <line num="166" type="stmt" count="0"/>
        <line num="167" type="stmt" count="0"/>
        <line num="168" type="stmt" count="0"/>
        <line num="170" type="stmt" count="0"/>
        <line num="173" type="method" name="processAttributeField" visibility="private" complexity="3" crap="3.14" count="3"/>
        <line num="175" type="stmt" count="3"/>
        <line num="176" type="stmt" count="3"/>
        <line num="178" type="stmt" count="3"/>
        <line num="181" type="stmt" count="0"/>
        <line num="184" type="method" name="validateConfig" visibility="private" complexity="4" crap="4.25" count="7"/>
        <line num="186" type="stmt" count="7"/>
        <line num="187" type="stmt" count="2"/>
        <line num="190" type="stmt" count="5"/>
        <line num="191" type="stmt" count="0"/>
        <metrics loc="195" ncloc="194" classes="1" methods="17" coveredmethods="13" conditionals="0" coveredconditionals="0" statements="74" coveredstatements="63" elements="91" coveredelements="76"/>
      </file>
      <file name="/home/runner/work/php-sax-parser/php-sax-parser/src/FieldConfig.php">
        <class name="BoZielonka\PhpSaxParser\FieldConfig" namespace="BoZielonka\PhpSaxParser">
          <metrics complexity="14" methods="6" coveredmethods="5" conditionals="0" coveredconditionals="0" statements="20" coveredstatements="19" elements="26" coveredelements="24"/>
        </class>
        <line num="9" type="method" name="__construct" visibility="public" complexity="1" crap="1" count="5"/>
        <line num="16" type="stmt" count="5"/>
        <line num="18" type="method" name="fromDefinition" visibility="public" complexity="2" crap="2" count="5"/>
        <line num="20" type="stmt" count="5"/>
        <line num="21" type="stmt" count="5"/>
        <line num="24" type="stmt" count="3"/>
        <line num="25" type="stmt" count="3"/>
        <line num="26" type="stmt" count="3"/>
        <line num="28" type="stmt" count="3"/>
        <line num="31" type="method" name="isAttribute" visibility="public" complexity="2" crap="2" count="5"/>
        <line num="33" type="stmt" count="5"/>
        <line num="36" type="method" name="getAttributeName" visibility="public" complexity="2" crap="2.15" count="4"/>
        <line num="38" type="stmt" count="4"/>
        <line num="39" type="stmt" count="0"/>
        <line num="42" type="stmt" count="4"/>
        <line num="45" type="method" name="getPath" visibility="public" complexity="3" crap="3" count="5"/>
        <line num="47" type="stmt" count="5"/>
        <line num="48" type="stmt" count="5"/>
        <line num="51" type="stmt" count="3"/>
        <line num="54" type="method" name="matchesPath" visibility="public" complexity="4" crap="4" count="5"/>
        <line num="56" type="stmt" count="5"/>
        <line num="57" type="stmt" count="4"/>
        <line num="60" type="stmt" count="5"/>
        <line num="61" type="stmt" count="5"/>
        <line num="62" type="stmt" count="1"/>
        <line num="65" type="stmt" count="5"/>
        <metrics loc="68" ncloc="68" classes="1" methods="6" coveredmethods="5" conditionals="0" coveredconditionals="0" statements="20" coveredstatements="19" elements="26" coveredelements="24"/>
      </file>
      <file name="/home/runner/work/php-sax-parser/php-sax-parser/src/FieldType.php">
        <class name="BoZielonka\PhpSaxParser\FieldType" namespace="BoZielonka\PhpSaxParser">
          <metrics complexity="0" methods="0" coveredmethods="0" conditionals="0" coveredconditionals="0" statements="0" coveredstatements="0" elements="0" coveredelements="0"/>
        </class>
        <metrics loc="17" ncloc="17" classes="0" methods="0" coveredmethods="0" conditionals="0" coveredconditionals="0" statements="0" coveredstatements="0" elements="0" coveredelements="0"/>
      </file>
      <file name="/home/runner/work/php-sax-parser/php-sax-parser/src/ParsingContextStacks.php">
        <class name="BoZielonka\PhpSaxParser\ParsingContextStacks" namespace="BoZielonka\PhpSaxParser">
          <metrics complexity="10" methods="7" coveredmethods="6" conditionals="0" coveredconditionals="0" statements="27" coveredstatements="26" elements="34" coveredelements="32"/>
        </class>
        <line num="17" type="method" name="__construct" visibility="public" complexity="1" crap="1" count="6"/>
        <line num="19" type="stmt" count="6"/>
        <line num="20" type="stmt" count="6"/>
        <line num="23" type="method" name="pushElement" visibility="public" complexity="1" crap="1" count="5"/>
        <line num="25" type="stmt" count="5"/>
        <line num="26" type="stmt" count="5"/>
        <line num="27" type="stmt" count="5"/>
        <line num="28" type="stmt" count="5"/>
        <line num="29" type="stmt" count="5"/>
        <line num="31" type="stmt" count="5"/>
        <line num="32" type="stmt" count="5"/>
        <line num="34" type="stmt" count="5"/>
        <line num="35" type="stmt" count="5"/>
        <line num="38" type="method" name="popElement" visibility="public" complexity="3" crap="3.02" count="5"/>
        <line num="40" type="stmt" count="5"/>
        <line num="41" type="stmt" count="0"/>
        <line num="44" type="stmt" count="5"/>
        <line num="47" type="stmt" count="5"/>
        <line num="50" type="stmt" count="5"/>
        <line num="51" type="stmt" count="3"/>
        <line num="52" type="stmt" count="5"/>
        <line num="54" type="stmt" count="5"/>
        <line num="57" type="method" name="getCurrentPath" visibility="public" complexity="1" crap="1" count="5"/>
        <line num="59" type="stmt" count="5"/>
        <line num="62" type="method" name="startCollecting" visibility="public" complexity="1" crap="1" count="3"/>
        <line num="64" type="stmt" count="3"/>
        <line num="67" type="method" name="stopCollecting" visibility="public" complexity="1" crap="1" count="3"/>
        <line num="69" type="stmt" count="3"/>
        <line num="70" type="stmt" count="3"/>
        <line num="72" type="stmt" count="3"/>
        <line num="75" type="method" name="buildPath" visibility="private" complexity="2" crap="2" count="5"/>
        <line num="77" type="stmt" count="5"/>
        <line num="78" type="stmt" count="5"/>
        <line num="81" type="stmt" count="5"/>
        <metrics loc="84" ncloc="82" classes="1" methods="7" coveredmethods="6" conditionals="0" coveredconditionals="0" statements="27" coveredstatements="26" elements="34" coveredelements="32"/>
      </file>
      <file name="/home/runner/work/php-sax-parser/php-sax-parser/src/SaxParser.php">
        <class name="BoZielonka\PhpSaxParser\SaxParser" namespace="BoZielonka\PhpSaxParser">
          <metrics complexity="15" methods="5" coveredmethods="4" conditionals="0" coveredconditionals="0" statements="64" coveredstatements="55" elements="69" coveredelements="59"/>
        </class>
        <line num="12" type="method" name="__construct" visibility="public" complexity="1" crap="1" count="6"/>
        <line num="15" type="stmt" count="6"/>
        <line num="17" type="method" name="parse" visibility="public" complexity="2" crap="2" count="2"/>
        <line num="19" type="stmt" count="2"/>
        <line num="20" type="stmt" count="1"/>
        <line num="24" type="stmt" count="1"/>
        <line num="30" type="method" name="parseWithConfig" visibility="public" complexity="2" crap="2" count="5"/>
        <line num="32" type="stmt" count="5"/>
        <line num="33" type="stmt" count="1"/>
        <line num="36" type="stmt" count="4"/>
        <line num="37" type="stmt" count="4"/>
        <line num="39" type="stmt" count="3"/>
        <line num="40" type="stmt" count="3"/>
        <line num="43" type="stmt" count="3"/>
        <line num="45" type="stmt" count="3"/>
        <line num="47" type="stmt" count="3"/>
        <line num="51" type="method" name="setupXmlHandlers" visibility="private" complexity="3" crap="3" count="3"/>
        <line num="56" type="stmt" count="3"/>
        <line num="57" type="stmt" count="3"/>
        <line num="58" type="stmt" count="3"/>
        <line num="59" type="stmt" count="3"/>
        <line num="60" type="stmt" count="3"/>
        <line num="61" type="stmt" count="3"/>
        <line num="62" type="stmt" count="3"/>
        <line num="63" type="stmt" count="3"/>
        <line num="64" type="stmt" count="3"/>
        <line num="65" type="stmt" count="3"/>
        <line num="67" type="stmt" count="3"/>
        <line num="68" type="stmt" count="3"/>
        <line num="71" type="stmt" count="3"/>
        <line num="72" type="stmt" count="3"/>
        <line num="74" type="stmt" count="3"/>
        <line num="75" type="stmt" count="3"/>
        <line num="77" type="stmt" count="3"/>
        <line num="78" type="stmt" count="3"/>
        <line num="79" type="stmt" count="3"/>
        <line num="82" type="stmt" count="3"/>
        <line num="83" type="stmt" count="3"/>
        <line num="85" type="stmt" count="3"/>
        <line num="86" type="stmt" count="3"/>
        <line num="87" type="stmt" count="3"/>
        <line num="88" type="stmt" count="3"/>
        <line num="89" type="stmt" count="3"/>
        <line num="90" type="stmt" count="3"/>
        <line num="91" type="stmt" count="3"/>
        <line num="92" type="stmt" count="3"/>
        <line num="93" type="stmt" count="3"/>
        <line num="95" type="stmt" count="3"/>
        <line num="96" type="stmt" count="3"/>
        <line num="99" type="stmt" count="3"/>
        <line num="100" type="stmt" count="3"/>
        <line num="103" type="method" name="parseFile" visibility="private" complexity="7" crap="14.27" count="3"/>
        <line num="105" type="stmt" count="3"/>
        <line num="106" type="stmt" count="3"/>
        <line num="107" type="stmt" count="0"/>
        <line num="111" type="stmt" count="3"/>
        <line num="112" type="stmt" count="3"/>
        <line num="113" type="stmt" count="3"/>
        <line num="114" type="stmt" count="0"/>
        <line num="116" type="stmt" count="0"/>
        <line num="117" type="stmt" count="0"/>
        <line num="118" type="stmt" count="0"/>
        <line num="119" type="stmt" count="0"/>
        <line num="121" type="stmt" count="0"/>
        <line num="122" type="stmt" count="0"/>
        <line num="123" type="stmt" count="0"/>
        <line num="127" type="stmt" count="3"/>
        <line num="128" type="stmt" count="3"/>
        <line num="132" type="stmt" count="3"/>
        <metrics loc="136" ncloc="130" classes="1" methods="5" coveredmethods="4" conditionals="0" coveredconditionals="0" statements="64" coveredstatements="55" elements="69" coveredelements="59"/>
      </file>
    </package>
    <file name="/home/runner/work/php-sax-parser/php-sax-parser/src/ParsingStrategyInterface.php">
      <metrics loc="21" ncloc="21" classes="0" methods="0" coveredmethods="0" conditionals="0" coveredconditionals="0" statements="0" coveredstatements="0" elements="0" coveredelements="0"/>
    </file>
    <file name="/home/runner/work/php-sax-parser/php-sax-parser/src/SaxParserInterface.php">
      <metrics loc="13" ncloc="13" classes="0" methods="0" coveredmethods="0" conditionals="0" coveredconditionals="0" statements="0" coveredstatements="0" elements="0" coveredelements="0"/>
    </file>
    <metrics files="9" loc="676" ncloc="660" classes="6" methods="42" coveredmethods="29" conditionals="0" coveredconditionals="0" statements="237" coveredstatements="189" elements="279" coveredelements="218"/>
  </project>
</coverage>
